<?xml version="1.0" encoding="UTF-8"?>
<testng-results skipped="0" failed="0" total="0" passed="0">
  <reporter-output>
  </reporter-output>
  <suite name="com.santosh.selenium.Selenium.AppTest" duration-ms="16" started-at="2015-11-18T19:44:54Z" finished-at="2015-11-18T19:44:54Z">
    <groups>
    </groups>
    <test name="Command line test" duration-ms="16" started-at="2015-11-18T19:44:54Z" finished-at="2015-11-18T19:44:54Z">
    </test> <!-- Command line test -->
  </suite> <!-- com.santosh.selenium.Selenium.AppTest -->
</testng-results>
