<?xml version="1.0" encoding="UTF-8"?>
<testng-results skipped="0" failed="0" total="1" passed="1">
  <reporter-output>
  </reporter-output>
  <suite name="Command line suite" duration-ms="23" started-at="2015-11-18T22:03:43Z" finished-at="2015-11-18T22:03:43Z">
    <groups>
    </groups>
    <test name="Command line test" duration-ms="23" started-at="2015-11-18T22:03:43Z" finished-at="2015-11-18T22:03:43Z">
      <class name="com.santosh.selenium.Selenium.NewTest">
        <test-method status="PASS" signature="beforeTest()[pri:0, instance:com.santosh.selenium.Selenium.NewTest@1721ae2]" name="beforeTest" is-config="true" duration-ms="10" started-at="2015-11-18T22:03:43Z" finished-at="2015-11-18T22:03:43Z">
          <reporter-output>
          </reporter-output>
        </test-method> <!-- beforeTest -->
        <test-method status="PASS" signature="f()[pri:0, instance:com.santosh.selenium.Selenium.NewTest@1721ae2]" name="f" duration-ms="1" started-at="2015-11-18T22:03:43Z" finished-at="2015-11-18T22:03:43Z">
          <reporter-output>
          </reporter-output>
        </test-method> <!-- f -->
      </class> <!-- com.santosh.selenium.Selenium.NewTest -->
    </test> <!-- Command line test -->
  </suite> <!-- Command line suite -->
</testng-results>
