<?xml version="1.0" encoding="UTF-8"?>
<testng-results skipped="0" failed="0" total="1" passed="1">
  <reporter-output>
  </reporter-output>
  <suite name="Default suite" duration-ms="40" started-at="2015-11-18T21:35:43Z" finished-at="2015-11-18T21:35:44Z">
    <groups>
    </groups>
    <test name="Default test" duration-ms="40" started-at="2015-11-18T21:35:43Z" finished-at="2015-11-18T21:35:44Z">
      <class name="com.santosh.selenium.Selenium.NewTest">
        <test-method status="PASS" signature="beforeTest()[pri:0, instance:com.santosh.selenium.Selenium.NewTest@1ad8678]" name="beforeTest" is-config="true" duration-ms="15" started-at="2015-11-18T21:35:43Z" finished-at="2015-11-18T21:35:43Z">
          <reporter-output>
          </reporter-output>
        </test-method> <!-- beforeTest -->
        <test-method status="PASS" signature="f()[pri:0, instance:com.santosh.selenium.Selenium.NewTest@1ad8678]" name="f" duration-ms="8" started-at="2015-11-18T21:35:43Z" finished-at="2015-11-18T21:35:44Z">
          <reporter-output>
          </reporter-output>
        </test-method> <!-- f -->
      </class> <!-- com.santosh.selenium.Selenium.NewTest -->
    </test> <!-- Default test -->
  </suite> <!-- Default suite -->
</testng-results>
